   0  $accept : programa $end

   1  programa : BEGIN lista_declaraciones END

   2  lista_declaraciones : declaracion
   3                      | declaracion lista_declaraciones

   4  declaracion : sentencia_declar_funcion
   5              | bloque_prog

   6  bloque_prog : BEGIN bloque_sent END

   7  bloque_sent : sentencia_ejec
   8              | bloque_funcion

   9  lista_sent : sentencia_ejec lista_sent
  10             | sentencia_ejec

  11  sentencia_ejec : asignacion ';'

  12  $$1 :

  13  sentencia_ejec : IF $$1 '(' cond ')' THEN bloque_IF

  14  $$2 :

  15  sentencia_ejec : PRINT $$2 '(' cadena ')' ';'
  16                 | llamada_funcion ';'

  17  $$3 :

  18  sentencia_ejec : RETURN $$3 expresion ';'

  19  $$4 :

  20  sentencia_ejec : LOOP $$4 bloque_sent UNTIL cond
  21                 | ';'

  22  llamada_funcion : ID '(' lista_parametros ')'
  23                  | ID '(' ')'

  24  sentencia_declarativa_tipo : tipo lista_var ';'

  25  lista_var : ID lista_var
  26            | ID

  27  bloque_IF : bloque_sent
  28            | bloque_sent ELSE bloque_sent

  29  cond : expresion comparador expresion

  30  comparador : '<'
  31             | '>'
  32             | MEN_IG
  33             | MAY_IG
  34             | IGUAL
  35             | DIST

  36  sentencia_declar_funcion : FUNCTION ID '(' parametros ')' bloque_funcion
  37                           | FUNCTION ID '(' ')' bloque_funcion

  38  parametros : tipo parametro
  39             | tipo parametro parametros

  40  lista_parametros : parametro lista_parametros
  41                   | parametro

  42  parametro : ID

  43  bloque_funcion : BEGIN lista_sent END
  44                 | BEGIN lista_sent_declar lista_sent END

  45  lista_sent_declar : sentencia_declarativa_tipo lista_sent_declar
  46                    | sentencia_declarativa_tipo

  47  asignacion : ID '=' expresion

  48  expresion : expresion '+' termino
  49            | expresion '-' termino
  50            | termino

  51  termino : termino '*' factor
  52          | termino '/' factor
  53          | factor

  54  factor : ID
  55         | CTE
  56         | llamada_funcion

  57  tipo : uint

state 0
	$accept : . programa $end  (0)

	BEGIN  shift 1
	.  error

	programa  goto 2


state 1
	programa : BEGIN . lista_declaraciones END  (1)

	FUNCTION  shift 3
	BEGIN  shift 4
	.  error

	lista_declaraciones  goto 5
	declaracion  goto 6
	sentencia_declar_funcion  goto 7
	bloque_prog  goto 8


state 2
	$accept : programa . $end  (0)

	$end  accept


state 3
	sentencia_declar_funcion : FUNCTION . ID '(' parametros ')' bloque_funcion  (36)
	sentencia_declar_funcion : FUNCTION . ID '(' ')' bloque_funcion  (37)

	ID  shift 9
	.  error


state 4
	bloque_prog : BEGIN . bloque_sent END  (6)

	ID  shift 10
	IF  shift 11
	PRINT  shift 12
	RETURN  shift 13
	BEGIN  shift 14
	LOOP  shift 15
	';'  shift 16
	.  error

	bloque_sent  goto 17
	sentencia_ejec  goto 18
	bloque_funcion  goto 19
	asignacion  goto 20
	llamada_funcion  goto 21


state 5
	programa : BEGIN lista_declaraciones . END  (1)

	END  shift 22
	.  error


state 6
	lista_declaraciones : declaracion .  (2)
	lista_declaraciones : declaracion . lista_declaraciones  (3)

	FUNCTION  shift 3
	BEGIN  shift 4
	END  reduce 2

	lista_declaraciones  goto 23
	declaracion  goto 6
	sentencia_declar_funcion  goto 7
	bloque_prog  goto 8


state 7
	declaracion : sentencia_declar_funcion .  (4)

	.  reduce 4


state 8
	declaracion : bloque_prog .  (5)

	.  reduce 5


state 9
	sentencia_declar_funcion : FUNCTION ID . '(' parametros ')' bloque_funcion  (36)
	sentencia_declar_funcion : FUNCTION ID . '(' ')' bloque_funcion  (37)

	'('  shift 24
	.  error


state 10
	llamada_funcion : ID . '(' lista_parametros ')'  (22)
	llamada_funcion : ID . '(' ')'  (23)
	asignacion : ID . '=' expresion  (47)

	'('  shift 25
	'='  shift 26
	.  error


state 11
	sentencia_ejec : IF . $$1 '(' cond ')' THEN bloque_IF  (13)
	$$1 : .  (12)

	.  reduce 12

	$$1  goto 27


state 12
	sentencia_ejec : PRINT . $$2 '(' cadena ')' ';'  (15)
	$$2 : .  (14)

	.  reduce 14

	$$2  goto 28


state 13
	sentencia_ejec : RETURN . $$3 expresion ';'  (18)
	$$3 : .  (17)

	.  reduce 17

	$$3  goto 29


state 14
	bloque_funcion : BEGIN . lista_sent END  (43)
	bloque_funcion : BEGIN . lista_sent_declar lista_sent END  (44)

	ID  shift 10
	IF  shift 11
	PRINT  shift 12
	RETURN  shift 13
	LOOP  shift 15
	uint  shift 30
	';'  shift 16
	.  error

	sentencia_ejec  goto 31
	lista_sent  goto 32
	asignacion  goto 20
	llamada_funcion  goto 21
	sentencia_declarativa_tipo  goto 33
	tipo  goto 34
	lista_sent_declar  goto 35


state 15
	sentencia_ejec : LOOP . $$4 bloque_sent UNTIL cond  (20)
	$$4 : .  (19)

	.  reduce 19

	$$4  goto 36


state 16
	sentencia_ejec : ';' .  (21)

	.  reduce 21


state 17
	bloque_prog : BEGIN bloque_sent . END  (6)

	END  shift 37
	.  error


state 18
	bloque_sent : sentencia_ejec .  (7)

	.  reduce 7


state 19
	bloque_sent : bloque_funcion .  (8)

	.  reduce 8


state 20
	sentencia_ejec : asignacion . ';'  (11)

	';'  shift 38
	.  error


state 21
	sentencia_ejec : llamada_funcion . ';'  (16)

	';'  shift 39
	.  error


state 22
	programa : BEGIN lista_declaraciones END .  (1)

	.  reduce 1


state 23
	lista_declaraciones : declaracion lista_declaraciones .  (3)

	.  reduce 3


state 24
	sentencia_declar_funcion : FUNCTION ID '(' . parametros ')' bloque_funcion  (36)
	sentencia_declar_funcion : FUNCTION ID '(' . ')' bloque_funcion  (37)

	uint  shift 30
	')'  shift 40
	.  error

	tipo  goto 41
	parametros  goto 42


state 25
	llamada_funcion : ID '(' . lista_parametros ')'  (22)
	llamada_funcion : ID '(' . ')'  (23)

	ID  shift 43
	')'  shift 44
	.  error

	lista_parametros  goto 45
	parametro  goto 46


state 26
	asignacion : ID '=' . expresion  (47)

	ID  shift 47
	CTE  shift 48
	.  error

	llamada_funcion  goto 49
	expresion  goto 50
	termino  goto 51
	factor  goto 52


state 27
	sentencia_ejec : IF $$1 . '(' cond ')' THEN bloque_IF  (13)

	'('  shift 53
	.  error


state 28
	sentencia_ejec : PRINT $$2 . '(' cadena ')' ';'  (15)

	'('  shift 54
	.  error


state 29
	sentencia_ejec : RETURN $$3 . expresion ';'  (18)

	ID  shift 47
	CTE  shift 48
	.  error

	llamada_funcion  goto 49
	expresion  goto 55
	termino  goto 51
	factor  goto 52


state 30
	tipo : uint .  (57)

	.  reduce 57


state 31
	lista_sent : sentencia_ejec . lista_sent  (9)
	lista_sent : sentencia_ejec .  (10)

	ID  shift 10
	IF  shift 11
	PRINT  shift 12
	RETURN  shift 13
	LOOP  shift 15
	';'  shift 16
	END  reduce 10

	sentencia_ejec  goto 31
	lista_sent  goto 56
	asignacion  goto 20
	llamada_funcion  goto 21


state 32
	bloque_funcion : BEGIN lista_sent . END  (43)

	END  shift 57
	.  error


state 33
	lista_sent_declar : sentencia_declarativa_tipo . lista_sent_declar  (45)
	lista_sent_declar : sentencia_declarativa_tipo .  (46)

	uint  shift 30
	ID  reduce 46
	IF  reduce 46
	PRINT  reduce 46
	RETURN  reduce 46
	LOOP  reduce 46
	';'  reduce 46

	sentencia_declarativa_tipo  goto 33
	tipo  goto 34
	lista_sent_declar  goto 58


state 34
	sentencia_declarativa_tipo : tipo . lista_var ';'  (24)

	ID  shift 59
	.  error

	lista_var  goto 60


state 35
	bloque_funcion : BEGIN lista_sent_declar . lista_sent END  (44)

	ID  shift 10
	IF  shift 11
	PRINT  shift 12
	RETURN  shift 13
	LOOP  shift 15
	';'  shift 16
	.  error

	sentencia_ejec  goto 31
	lista_sent  goto 61
	asignacion  goto 20
	llamada_funcion  goto 21


state 36
	sentencia_ejec : LOOP $$4 . bloque_sent UNTIL cond  (20)

	ID  shift 10
	IF  shift 11
	PRINT  shift 12
	RETURN  shift 13
	BEGIN  shift 14
	LOOP  shift 15
	';'  shift 16
	.  error

	bloque_sent  goto 62
	sentencia_ejec  goto 18
	bloque_funcion  goto 19
	asignacion  goto 20
	llamada_funcion  goto 21


state 37
	bloque_prog : BEGIN bloque_sent END .  (6)

	.  reduce 6


state 38
	sentencia_ejec : asignacion ';' .  (11)

	.  reduce 11


state 39
	sentencia_ejec : llamada_funcion ';' .  (16)

	.  reduce 16


state 40
	sentencia_declar_funcion : FUNCTION ID '(' ')' . bloque_funcion  (37)

	BEGIN  shift 14
	.  error

	bloque_funcion  goto 63


state 41
	parametros : tipo . parametro  (38)
	parametros : tipo . parametro parametros  (39)

	ID  shift 43
	.  error

	parametro  goto 64


state 42
	sentencia_declar_funcion : FUNCTION ID '(' parametros . ')' bloque_funcion  (36)

	')'  shift 65
	.  error


state 43
	parametro : ID .  (42)

	.  reduce 42


state 44
	llamada_funcion : ID '(' ')' .  (23)

	.  reduce 23


state 45
	llamada_funcion : ID '(' lista_parametros . ')'  (22)

	')'  shift 66
	.  error


state 46
	lista_parametros : parametro . lista_parametros  (40)
	lista_parametros : parametro .  (41)

	ID  shift 43
	')'  reduce 41

	lista_parametros  goto 67
	parametro  goto 46


state 47
	llamada_funcion : ID . '(' lista_parametros ')'  (22)
	llamada_funcion : ID . '(' ')'  (23)
	factor : ID .  (54)

	'('  shift 25
	ID  reduce 54
	IF  reduce 54
	ELSE  reduce 54
	PRINT  reduce 54
	RETURN  reduce 54
	END  reduce 54
	LOOP  reduce 54
	UNTIL  reduce 54
	MAY_IG  reduce 54
	MEN_IG  reduce 54
	DIST  reduce 54
	IGUAL  reduce 54
	';'  reduce 54
	')'  reduce 54
	'<'  reduce 54
	'>'  reduce 54
	'+'  reduce 54
	'-'  reduce 54
	'*'  reduce 54
	'/'  reduce 54


state 48
	factor : CTE .  (55)

	.  reduce 55


state 49
	factor : llamada_funcion .  (56)

	.  reduce 56


state 50
	asignacion : ID '=' expresion .  (47)
	expresion : expresion . '+' termino  (48)
	expresion : expresion . '-' termino  (49)

	'+'  shift 68
	'-'  shift 69
	';'  reduce 47


state 51
	expresion : termino .  (50)
	termino : termino . '*' factor  (51)
	termino : termino . '/' factor  (52)

	'*'  shift 70
	'/'  shift 71
	ID  reduce 50
	IF  reduce 50
	ELSE  reduce 50
	PRINT  reduce 50
	RETURN  reduce 50
	END  reduce 50
	LOOP  reduce 50
	UNTIL  reduce 50
	MAY_IG  reduce 50
	MEN_IG  reduce 50
	DIST  reduce 50
	IGUAL  reduce 50
	';'  reduce 50
	')'  reduce 50
	'<'  reduce 50
	'>'  reduce 50
	'+'  reduce 50
	'-'  reduce 50


state 52
	termino : factor .  (53)

	.  reduce 53


state 53
	sentencia_ejec : IF $$1 '(' . cond ')' THEN bloque_IF  (13)

	ID  shift 47
	CTE  shift 48
	.  error

	cond  goto 72
	llamada_funcion  goto 49
	expresion  goto 73
	termino  goto 51
	factor  goto 52


state 54
	sentencia_ejec : PRINT $$2 '(' . cadena ')' ';'  (15)

	cadena  shift 74
	.  error


state 55
	sentencia_ejec : RETURN $$3 expresion . ';'  (18)
	expresion : expresion . '+' termino  (48)
	expresion : expresion . '-' termino  (49)

	';'  shift 75
	'+'  shift 68
	'-'  shift 69
	.  error


state 56
	lista_sent : sentencia_ejec lista_sent .  (9)

	.  reduce 9


state 57
	bloque_funcion : BEGIN lista_sent END .  (43)

	.  reduce 43


state 58
	lista_sent_declar : sentencia_declarativa_tipo lista_sent_declar .  (45)

	.  reduce 45


state 59
	lista_var : ID . lista_var  (25)
	lista_var : ID .  (26)

	ID  shift 59
	';'  reduce 26

	lista_var  goto 76


state 60
	sentencia_declarativa_tipo : tipo lista_var . ';'  (24)

	';'  shift 77
	.  error


state 61
	bloque_funcion : BEGIN lista_sent_declar lista_sent . END  (44)

	END  shift 78
	.  error


state 62
	sentencia_ejec : LOOP $$4 bloque_sent . UNTIL cond  (20)

	UNTIL  shift 79
	.  error


state 63
	sentencia_declar_funcion : FUNCTION ID '(' ')' bloque_funcion .  (37)

	.  reduce 37


state 64
	parametros : tipo parametro .  (38)
	parametros : tipo parametro . parametros  (39)

	uint  shift 30
	')'  reduce 38

	tipo  goto 41
	parametros  goto 80


state 65
	sentencia_declar_funcion : FUNCTION ID '(' parametros ')' . bloque_funcion  (36)

	BEGIN  shift 14
	.  error

	bloque_funcion  goto 81


state 66
	llamada_funcion : ID '(' lista_parametros ')' .  (22)

	.  reduce 22


state 67
	lista_parametros : parametro lista_parametros .  (40)

	.  reduce 40


state 68
	expresion : expresion '+' . termino  (48)

	ID  shift 47
	CTE  shift 48
	.  error

	llamada_funcion  goto 49
	termino  goto 82
	factor  goto 52


state 69
	expresion : expresion '-' . termino  (49)

	ID  shift 47
	CTE  shift 48
	.  error

	llamada_funcion  goto 49
	termino  goto 83
	factor  goto 52


state 70
	termino : termino '*' . factor  (51)

	ID  shift 47
	CTE  shift 48
	.  error

	llamada_funcion  goto 49
	factor  goto 84


state 71
	termino : termino '/' . factor  (52)

	ID  shift 47
	CTE  shift 48
	.  error

	llamada_funcion  goto 49
	factor  goto 85


state 72
	sentencia_ejec : IF $$1 '(' cond . ')' THEN bloque_IF  (13)

	')'  shift 86
	.  error


state 73
	cond : expresion . comparador expresion  (29)
	expresion : expresion . '+' termino  (48)
	expresion : expresion . '-' termino  (49)

	MAY_IG  shift 87
	MEN_IG  shift 88
	DIST  shift 89
	IGUAL  shift 90
	'<'  shift 91
	'>'  shift 92
	'+'  shift 68
	'-'  shift 69
	.  error

	comparador  goto 93


state 74
	sentencia_ejec : PRINT $$2 '(' cadena . ')' ';'  (15)

	')'  shift 94
	.  error


state 75
	sentencia_ejec : RETURN $$3 expresion ';' .  (18)

	.  reduce 18


state 76
	lista_var : ID lista_var .  (25)

	.  reduce 25


state 77
	sentencia_declarativa_tipo : tipo lista_var ';' .  (24)

	.  reduce 24


state 78
	bloque_funcion : BEGIN lista_sent_declar lista_sent END .  (44)

	.  reduce 44


state 79
	sentencia_ejec : LOOP $$4 bloque_sent UNTIL . cond  (20)

	ID  shift 47
	CTE  shift 48
	.  error

	cond  goto 95
	llamada_funcion  goto 49
	expresion  goto 73
	termino  goto 51
	factor  goto 52


state 80
	parametros : tipo parametro parametros .  (39)

	.  reduce 39


state 81
	sentencia_declar_funcion : FUNCTION ID '(' parametros ')' bloque_funcion .  (36)

	.  reduce 36


state 82
	expresion : expresion '+' termino .  (48)
	termino : termino . '*' factor  (51)
	termino : termino . '/' factor  (52)

	'*'  shift 70
	'/'  shift 71
	ID  reduce 48
	IF  reduce 48
	ELSE  reduce 48
	PRINT  reduce 48
	RETURN  reduce 48
	END  reduce 48
	LOOP  reduce 48
	UNTIL  reduce 48
	MAY_IG  reduce 48
	MEN_IG  reduce 48
	DIST  reduce 48
	IGUAL  reduce 48
	';'  reduce 48
	')'  reduce 48
	'<'  reduce 48
	'>'  reduce 48
	'+'  reduce 48
	'-'  reduce 48


state 83
	expresion : expresion '-' termino .  (49)
	termino : termino . '*' factor  (51)
	termino : termino . '/' factor  (52)

	'*'  shift 70
	'/'  shift 71
	ID  reduce 49
	IF  reduce 49
	ELSE  reduce 49
	PRINT  reduce 49
	RETURN  reduce 49
	END  reduce 49
	LOOP  reduce 49
	UNTIL  reduce 49
	MAY_IG  reduce 49
	MEN_IG  reduce 49
	DIST  reduce 49
	IGUAL  reduce 49
	';'  reduce 49
	')'  reduce 49
	'<'  reduce 49
	'>'  reduce 49
	'+'  reduce 49
	'-'  reduce 49


state 84
	termino : termino '*' factor .  (51)

	.  reduce 51


state 85
	termino : termino '/' factor .  (52)

	.  reduce 52


state 86
	sentencia_ejec : IF $$1 '(' cond ')' . THEN bloque_IF  (13)

	THEN  shift 96
	.  error


state 87
	comparador : MAY_IG .  (33)

	.  reduce 33


state 88
	comparador : MEN_IG .  (32)

	.  reduce 32


state 89
	comparador : DIST .  (35)

	.  reduce 35


state 90
	comparador : IGUAL .  (34)

	.  reduce 34


state 91
	comparador : '<' .  (30)

	.  reduce 30


state 92
	comparador : '>' .  (31)

	.  reduce 31


state 93
	cond : expresion comparador . expresion  (29)

	ID  shift 47
	CTE  shift 48
	.  error

	llamada_funcion  goto 49
	expresion  goto 97
	termino  goto 51
	factor  goto 52


state 94
	sentencia_ejec : PRINT $$2 '(' cadena ')' . ';'  (15)

	';'  shift 98
	.  error


state 95
	sentencia_ejec : LOOP $$4 bloque_sent UNTIL cond .  (20)

	.  reduce 20


state 96
	sentencia_ejec : IF $$1 '(' cond ')' THEN . bloque_IF  (13)

	ID  shift 10
	IF  shift 11
	PRINT  shift 12
	RETURN  shift 13
	BEGIN  shift 14
	LOOP  shift 15
	';'  shift 16
	.  error

	bloque_sent  goto 99
	sentencia_ejec  goto 18
	bloque_funcion  goto 19
	asignacion  goto 20
	bloque_IF  goto 100
	llamada_funcion  goto 21


state 97
	cond : expresion comparador expresion .  (29)
	expresion : expresion . '+' termino  (48)
	expresion : expresion . '-' termino  (49)

	'+'  shift 68
	'-'  shift 69
	ID  reduce 29
	IF  reduce 29
	ELSE  reduce 29
	PRINT  reduce 29
	RETURN  reduce 29
	END  reduce 29
	LOOP  reduce 29
	UNTIL  reduce 29
	';'  reduce 29
	')'  reduce 29


state 98
	sentencia_ejec : PRINT $$2 '(' cadena ')' ';' .  (15)

	.  reduce 15


state 99
	bloque_IF : bloque_sent .  (27)
	bloque_IF : bloque_sent . ELSE bloque_sent  (28)

	ELSE  shift 101
	ID  reduce 27
	IF  reduce 27
	PRINT  reduce 27
	RETURN  reduce 27
	END  reduce 27
	LOOP  reduce 27
	UNTIL  reduce 27
	';'  reduce 27


state 100
	sentencia_ejec : IF $$1 '(' cond ')' THEN bloque_IF .  (13)

	.  reduce 13


state 101
	bloque_IF : bloque_sent ELSE . bloque_sent  (28)

	ID  shift 10
	IF  shift 11
	PRINT  shift 12
	RETURN  shift 13
	BEGIN  shift 14
	LOOP  shift 15
	';'  shift 16
	.  error

	bloque_sent  goto 102
	sentencia_ejec  goto 18
	bloque_funcion  goto 19
	asignacion  goto 20
	llamada_funcion  goto 21


state 102
	bloque_IF : bloque_sent ELSE bloque_sent .  (28)

	.  reduce 28


30 terminals, 29 nonterminals
58 grammar rules, 103 states
